Error: Origin not allowed by CORS
    at origin (C:\Users\raksh\OneDrive\Desktop\devpluse-ai\backend\server.js:31:23)
    at C:\Users\raksh\OneDrive\Desktop\devpluse-ai\backend\node_modules\cors\lib\index.js:219:13
    at optionsCallback (C:\Users\raksh\OneDrive\Desktop\devpluse-ai\backend\node_modules\cors\lib\index.js:199:9)
    at corsMiddleware (C:\Users\raksh\OneDrive\Desktop\devpluse-ai\backend\node_modules\cors\lib\index.js:204:7)
    at Layer.handle [as handle_request] (C:\Users\raksh\OneDrive\Desktop\devpluse-ai\backend\node_modules\express\lib\router\layer.js:95:5)
    at trim_prefix (C:\Users\raksh\OneDrive\Desktop\devpluse-ai\backend\node_modules\express\lib\router\index.js:328:13)
    at C:\Users\raksh\OneDrive\Desktop\devpluse-ai\backend\node_modules\express\lib\router\index.js:286:9
    at Function.process_params (C:\Users\raksh\OneDrive\Desktop\devpluse-ai\backend\node_modules\express\lib\router\index.js:346:12)
    at next (C:\Users\raksh\OneDrive\Desktop\devpluse-ai\backend\node_modules\express\lib\router\index.js:280:10)
    at expressInit (C:\Users\raksh\OneDrive\Desktop\devpluse-ai\backend\node_modules\express\lib\middleware\init.js:40:5)
Error: Origin not allowed by CORS
    at origin (C:\Users\raksh\OneDrive\Desktop\devpluse-ai\backend\server.js:31:23)
    at C:\Users\raksh\OneDrive\Desktop\devpluse-ai\backend\node_modules\cors\lib\index.js:219:13
    at optionsCallback (C:\Users\raksh\OneDrive\Desktop\devpluse-ai\backend\node_modules\cors\lib\index.js:199:9)
    at corsMiddleware (C:\Users\raksh\OneDrive\Desktop\devpluse-ai\backend\node_modules\cors\lib\index.js:204:7)
    at Layer.handle [as handle_request] (C:\Users\raksh\OneDrive\Desktop\devpluse-ai\backend\node_modules\express\lib\router\layer.js:95:5)
    at trim_prefix (C:\Users\raksh\OneDrive\Desktop\devpluse-ai\backend\node_modules\express\lib\router\index.js:328:13)
    at C:\Users\raksh\OneDrive\Desktop\devpluse-ai\backend\node_modules\express\lib\router\index.js:286:9
    at Function.process_params (C:\Users\raksh\OneDrive\Desktop\devpluse-ai\backend\node_modules\express\lib\router\index.js:346:12)
    at next (C:\Users\raksh\OneDrive\Desktop\devpluse-ai\backend\node_modules\express\lib\router\index.js:280:10)
    at expressInit (C:\Users\raksh\OneDrive\Desktop\devpluse-ai\backend\node_modules\express\lib\middleware\init.js:40:5)
